<?xml version="1.0" encoding="UTF-8"?>
<!-- Generated by org.testng.reporters.JUnitReportReporter -->
<testsuite hostname="DELL" name="com.ww.testCases.HomePageTest" tests="2" failures="0" timestamp="28 Oct 2019 21:49:21 GMT" time="36.383" errors="0">
  <testcase name="TestBtnTest" time="17.786" classname="com.ww.testCases.HomePageTest"/>
  <testcase name="HomePageTitleTest" time="18.597" classname="com.ww.testCases.HomePageTest"/>
</testsuite> <!-- com.ww.testCases.HomePageTest -->
