<?xml version="1.0" encoding="UTF-8"?>
<!-- Generated by org.testng.reporters.JUnitReportReporter -->
<testsuite hostname="DELL" name="com.ww.testCases.MeetingLocationPageTest" tests="1" failures="0" timestamp="28 Oct 2019 21:49:21 GMT" time="28.134" errors="0">
  <testcase name="clickingFirstLocation" time="28.134" classname="com.ww.testCases.MeetingLocationPageTest"/>
</testsuite> <!-- com.ww.testCases.MeetingLocationPageTest -->
