<?xml version="1.0" encoding="UTF-8"?>
<!-- Generated by org.testng.reporters.JUnitReportReporter -->
<testsuite hostname="DELL" name="com.ww.testCases.FindAStudioBtnTest" tests="2" failures="0" timestamp="18 Oct 2019 23:29:10 GMT" time="42.274" errors="0">
  <testcase name="TestBtnTest" time="20.464" classname="com.ww.testCases.FindAStudioBtnTest"/>
  <testcase name="HomePageTitleTest" time="21.810" classname="com.ww.testCases.FindAStudioBtnTest"/>
</testsuite> <!-- com.ww.testCases.FindAStudioBtnTest -->
