<?xml version="1.0" encoding="UTF-8"?>
<!-- Generated by org.testng.reporters.JUnitReportReporter -->
<testsuite hostname="DELL" name="com.ww.testCases.FindAStudioPageTest" tests="2" failures="0" timestamp="28 Oct 2019 21:49:21 GMT" time="65.701" errors="0">
  <testcase name="FindAStudioTitlePageTest" time="45.835" classname="com.ww.testCases.FindAStudioPageTest"/>
  <testcase name="sendingLocationClick" time="19.866" classname="com.ww.testCases.FindAStudioPageTest"/>
</testsuite> <!-- com.ww.testCases.FindAStudioPageTest -->
