<?xml version="1.0" encoding="UTF-8"?>
<!-- Generated by org.testng.reporters.JUnitReportReporter -->
<testsuite hostname="DELL" name="com.ww.testCases.StudioSchedulePageTest" tests="1" failures="0" timestamp="29 Oct 2019 01:06:50 GMT" time="43.730" errors="0">
  <testcase name="DisplayedLocationNameTest" time="43.730" classname="com.ww.testCases.StudioSchedulePageTest"/>
</testsuite> <!-- com.ww.testCases.StudioSchedulePageTest -->
